Using pre-set license
Built from '2020.3/staging' branch; Version is '2020.3.22f1 (e1a7f79fd887) revision 14788599'; Using compiler version '192528614'; Build Type 'Release'
OS: 'Windows 10 Home Single Language; OS build 19042.1415; Version 2009; 64bit' Language: 'en' Physical Memory: 8002 MB
BatchMode: 1, IsHumanControllingUs: 0, StartBugReporterOnCrash: 0, Is64bit: 1, IsPro: 0

COMMAND LINE ARGUMENTS:
C:\Program Files\Unity\Hub\Editor\2020.3.22f1\Editor\Unity.exe
-adb2
-batchMode
-noUpm
-name
AssetImportWorker0
-projectPath
D:/CS222/SuperRetroShooter_Starter
-logFile
Logs/AssetImportWorker0.log
-srvPort
1036
Successfully changed project path to: D:/CS222/SuperRetroShooter_Starter
D:/CS222/SuperRetroShooter_Starter
Using Asset Import Pipeline V2.
Refreshing native plugins compatible for Editor in 98.46 ms, found 2 plugins.
Preloading 0 native plugins for Editor in 0.00 ms.
Initialize engine version: 2020.3.22f1 (e1a7f79fd887)
[Subsystems] Discovering subsystems at path C:/Program Files/Unity/Hub/Editor/2020.3.22f1/Editor/Data/Resources/UnitySubsystems
[Subsystems] Discovering subsystems at path D:/CS222/SuperRetroShooter_Starter/Assets
GfxDevice: creating device client; threaded=0
Direct3D:
    Version:  Direct3D 11.0 [level 11.1]
    Renderer: Radeon RX 560X (ID=0x67ef)
    Vendor:   
    VRAM:     4075 MB
    Driver:   30.0.13023.1012
Initialize mono
Mono path[0] = 'C:/Program Files/Unity/Hub/Editor/2020.3.22f1/Editor/Data/Managed'
Mono path[1] = 'C:/Program Files/Unity/Hub/Editor/2020.3.22f1/Editor/Data/MonoBleedingEdge/lib/mono/unityjit'
Mono config path = 'C:/Program Files/Unity/Hub/Editor/2020.3.22f1/Editor/Data/MonoBleedingEdge/etc'
Using monoOptions --debugger-agent=transport=dt_socket,embedding=1,server=y,suspend=n,address=127.0.0.1:56268
Begin MonoManager ReloadAssembly
Registering precompiled unity dll's ...
Register platform support module: C:/Program Files/Unity/Hub/Editor/2020.3.22f1/Editor/Data/PlaybackEngines/WindowsStandaloneSupport/UnityEditor.WindowsStandalone.Extensions.dll
Registered in 0.006853 seconds.
Native extension for WindowsStandalone target not found
Refreshing native plugins compatible for Editor in 100.11 ms, found 2 plugins.
Preloading 0 native plugins for Editor in 0.00 ms.
Mono: successfully reloaded assembly
- Completed reload, in  5.609 seconds
Domain Reload Profiling:
	ReloadAssembly (5610ms)
		BeginReloadAssembly (191ms)
			ExecutionOrderSort (0ms)
			DisableScriptedObjects (0ms)
			BackupInstance (0ms)
			ReleaseScriptingObjects (0ms)
			CreateAndSetChildDomain (2ms)
		EndReloadAssembly (1523ms)
			LoadAssemblies (182ms)
			RebuildTransferFunctionScriptingTraits (0ms)
			SetupTypeCache (548ms)
			ReleaseScriptCaches (0ms)
			RebuildScriptCaches (106ms)
			SetupLoadedEditorAssemblies (520ms)
				LogAssemblyErrors (0ms)
				InitializePlatformSupportModulesInManaged (13ms)
				SetLoadedEditorAssemblies (1ms)
				RefreshPlugins (100ms)
				BeforeProcessingInitializeOnLoad (24ms)
				ProcessInitializeOnLoadAttributes (272ms)
				ProcessInitializeOnLoadMethodAttributes (108ms)
				AfterProcessingInitializeOnLoad (0ms)
				EditorAssembliesLoaded (1ms)
			ExecutionOrderSort2 (0ms)
			AwakeInstancesAfterBackupRestoration (0ms)
Platform modules already initialized, skipping
Registering precompiled user dll's ...
Registered in 0.008956 seconds.
Begin MonoManager ReloadAssembly
Native extension for WindowsStandalone target not found
Refreshing native plugins compatible for Editor in 1.58 ms, found 2 plugins.
Preloading 0 native plugins for Editor in 0.00 ms.
Mono: successfully reloaded assembly
- Completed reload, in  3.389 seconds
Domain Reload Profiling:
	ReloadAssembly (3391ms)
		BeginReloadAssembly (473ms)
			ExecutionOrderSort (0ms)
			DisableScriptedObjects (15ms)
			BackupInstance (0ms)
			ReleaseScriptingObjects (0ms)
			CreateAndSetChildDomain (50ms)
		EndReloadAssembly (2677ms)
			LoadAssemblies (279ms)
			RebuildTransferFunctionScriptingTraits (0ms)
			SetupTypeCache (891ms)
			ReleaseScriptCaches (1ms)
			RebuildScriptCaches (130ms)
			SetupLoadedEditorAssemblies (1049ms)
				LogAssemblyErrors (0ms)
				InitializePlatformSupportModulesInManaged (32ms)
				SetLoadedEditorAssemblies (7ms)
				RefreshPlugins (2ms)
				BeforeProcessingInitializeOnLoad (206ms)
				ProcessInitializeOnLoadAttributes (746ms)
				ProcessInitializeOnLoadMethodAttributes (28ms)
				AfterProcessingInitializeOnLoad (26ms)
				EditorAssembliesLoaded (1ms)
			ExecutionOrderSort2 (0ms)
			AwakeInstancesAfterBackupRestoration (25ms)
Platform modules already initialized, skipping
========================================================================
Worker process is ready to serve import requests
Launched and connected shader compiler UnityShaderCompiler.exe after 0.19 seconds
Refreshing native plugins compatible for Editor in 0.97 ms, found 2 plugins.
Preloading 0 native plugins for Editor in 0.00 ms.
Unloading 1498 Unused Serialized files (Serialized files now loaded: 0)
System memory in use before: 68.6 MB.
System memory in use after: 68.7 MB.

Unloading 19 unused Assets to reduce memory usage. Loaded Objects now: 1929.
Total: 8.698500 ms (FindLiveObjects: 0.381200 ms CreateObjectMapping: 0.090700 ms MarkObjects: 8.031400 ms  DeleteObjects: 0.191400 ms)

AssetImportParameters requested are different than current active one (requested -> active):
  custom:framework-win-MediaFoundation: 216162199b28c13a410421893ffa2e32 -> 
  custom:video-decoder-ogg-theora: a1e56fd34408186e4bbccfd4996cb3dc -> 
  custom:container-muxer-webm: aa71ff27fc2769a1b78a27578f13a17b -> 
  custom:container-demuxer-webm: 4f35f7cbe854078d1ac9338744f61a02 -> 
  custom:container-demuxer-ogg: 62fdf1f143b41e24485cea50d1cbac27 -> 
  custom:video-encoder-webm-vp8: eb34c28f22e8b96e1ab97ce403110664 -> 
  custom:video-codec-MediaFoundation-h265: 746d11721c4dcdbdad8f713fa42b33f4 -> 
  custom:video-decoder-webm-vp8: 9c59270c3fd7afecdb556c50c9e8de78 -> 
  custom:audio-decoder-ogg-vorbis: bf7c407c2cedff20999df2af8eb42d56 -> 
  custom:audio-encoder-webm-vorbis: bf7c407c2cedff20999df2af8eb42d56 -> 
========================================================================
Received Import Request.
  path: Assets
  artifactKey: Guid(00000000000000001000000000000000) Importer(815301076,1909f56bfc062723c751e8b465ee728b)
Start importing Assets using Guid(00000000000000001000000000000000) Importer(815301076,1909f56bfc062723c751e8b465ee728b)  -> (artifact id: '42d402b061de3733987d63b9cc3b64de') in 0.024403 seconds 
  Import took 0.031858 seconds .

========================================================================
Received Import Request.
  Time since last request: 5.970653 seconds.
  path: Assets/Object.cs
  artifactKey: Guid(139ff8deb27114045bcddad002f044c8) Importer(815301076,1909f56bfc062723c751e8b465ee728b)
Start importing Assets/Object.cs using Guid(139ff8deb27114045bcddad002f044c8) Importer(815301076,1909f56bfc062723c751e8b465ee728b)  -> (artifact id: 'd7eefba8196a39bd3232342bb9a9ee19') in 0.094145 seconds 
  Import took 0.104453 seconds .

========================================================================
Received Import Request.
  Time since last request: 8.128871 seconds.
  path: Assets/ObjectPooler.cs
  artifactKey: Guid(139ff8deb27114045bcddad002f044c8) Importer(815301076,1909f56bfc062723c751e8b465ee728b)
Start importing Assets/ObjectPooler.cs using Guid(139ff8deb27114045bcddad002f044c8) Importer(815301076,1909f56bfc062723c751e8b465ee728b)  -> (artifact id: '41f01d8f277e7888cc66d4fb5b556af3') in 0.032476 seconds 
  Import took 0.042498 seconds .

========================================================================
Received Import Request.
  Time since last request: 186.526557 seconds.
  path: Assets/ObjectPooler.cs
  artifactKey: Guid(139ff8deb27114045bcddad002f044c8) Importer(815301076,1909f56bfc062723c751e8b465ee728b)
Start importing Assets/ObjectPooler.cs using Guid(139ff8deb27114045bcddad002f044c8) Importer(815301076,1909f56bfc062723c751e8b465ee728b)  -> (artifact id: 'ac61ca7cbe742b6d881aa394f8cc4e5d') in 0.007198 seconds 
  Import took 0.016418 seconds .

========================================================================
Received Prepare
Registering precompiled user dll's ...
Registered in 0.008628 seconds.
Begin MonoManager ReloadAssembly
Native extension for WindowsStandalone target not found
Refreshing native plugins compatible for Editor in 1.12 ms, found 2 plugins.
Preloading 0 native plugins for Editor in 0.00 ms.
Mono: successfully reloaded assembly
- Completed reload, in  3.183 seconds
Domain Reload Profiling:
	ReloadAssembly (3184ms)
		BeginReloadAssembly (384ms)
			ExecutionOrderSort (0ms)
			DisableScriptedObjects (15ms)
			BackupInstance (0ms)
			ReleaseScriptingObjects (0ms)
			CreateAndSetChildDomain (100ms)
		EndReloadAssembly (2577ms)
			LoadAssemblies (311ms)
			RebuildTransferFunctionScriptingTraits (0ms)
			SetupTypeCache (861ms)
			ReleaseScriptCaches (3ms)
			RebuildScriptCaches (161ms)
			SetupLoadedEditorAssemblies (961ms)
				LogAssemblyErrors (0ms)
				InitializePlatformSupportModulesInManaged (20ms)
				SetLoadedEditorAssemblies (2ms)
				RefreshPlugins (1ms)
				BeforeProcessingInitializeOnLoad (227ms)
				ProcessInitializeOnLoadAttributes (653ms)
				ProcessInitializeOnLoadMethodAttributes (30ms)
				AfterProcessingInitializeOnLoad (27ms)
				EditorAssembliesLoaded (1ms)
			ExecutionOrderSort2 (0ms)
			AwakeInstancesAfterBackupRestoration (24ms)
Platform modules already initialized, skipping
Refreshing native plugins compatible for Editor in 1.02 ms, found 2 plugins.
Preloading 0 native plugins for Editor in 0.00 ms.
Unloading 1493 Unused Serialized files (Serialized files now loaded: 0)
System memory in use before: 68.4 MB.
System memory in use after: 68.5 MB.

Unloading 14 unused Assets to reduce memory usage. Loaded Objects now: 1932.
Total: 11.080600 ms (FindLiveObjects: 0.445900 ms CreateObjectMapping: 0.187400 ms MarkObjects: 10.387200 ms  DeleteObjects: 0.056400 ms)

AssetImportParameters requested are different than current active one (requested -> active):
  custom:framework-win-MediaFoundation: 216162199b28c13a410421893ffa2e32 -> 
  custom:video-decoder-ogg-theora: a1e56fd34408186e4bbccfd4996cb3dc -> 
  custom:container-muxer-webm: aa71ff27fc2769a1b78a27578f13a17b -> 
  custom:container-demuxer-webm: 4f35f7cbe854078d1ac9338744f61a02 -> 
  custom:container-demuxer-ogg: 62fdf1f143b41e24485cea50d1cbac27 -> 
  custom:video-encoder-webm-vp8: eb34c28f22e8b96e1ab97ce403110664 -> 
  custom:video-codec-MediaFoundation-h265: 746d11721c4dcdbdad8f713fa42b33f4 -> 
  custom:video-decoder-webm-vp8: 9c59270c3fd7afecdb556c50c9e8de78 -> 
  custom:audio-decoder-ogg-vorbis: bf7c407c2cedff20999df2af8eb42d56 -> 
  custom:audio-encoder-webm-vorbis: bf7c407c2cedff20999df2af8eb42d56 -> 
========================================================================
Received Import Request.
  Time since last request: 99.725928 seconds.
  path: Assets/ObjectPooler.cs
  artifactKey: Guid(139ff8deb27114045bcddad002f044c8) Importer(815301076,1909f56bfc062723c751e8b465ee728b)
Start importing Assets/ObjectPooler.cs using Guid(139ff8deb27114045bcddad002f044c8) Importer(815301076,1909f56bfc062723c751e8b465ee728b)  -> (artifact id: '6623aefe87f4cc7583eca86a04b87df4') in 0.010575 seconds 
  Import took 0.017785 seconds .

========================================================================
Received Import Request.
  Time since last request: 25.350929 seconds.
  path: Assets/Audio/Explosion.wav
  artifactKey: Guid(d9ed42a0360914f26ac5e143f07f3eff) Importer(815301076,1909f56bfc062723c751e8b465ee728b)
Start importing Assets/Audio/Explosion.wav using Guid(d9ed42a0360914f26ac5e143f07f3eff) Importer(815301076,1909f56bfc062723c751e8b465ee728b)  -> (artifact id: 'fda91cb3dedc92078e6b703d6f63fb1d') in 0.582465 seconds 
  Import took 0.595834 seconds .

========================================================================
Received Import Request.
  Time since last request: 0.000636 seconds.
  path: Assets/Prefabs/Explosion.prefab
  artifactKey: Guid(866fc5ca5aed346b6961bddc5792e2a2) Importer(815301076,1909f56bfc062723c751e8b465ee728b)
Start importing Assets/Prefabs/Explosion.prefab using Guid(866fc5ca5aed346b6961bddc5792e2a2) Importer(815301076,1909f56bfc062723c751e8b465ee728b)  -> (artifact id: 'ad12b738602a02aea7b1976ebd472f25') in 0.104825 seconds 
  Import took 0.111985 seconds .

========================================================================
Received Import Request.
  Time since last request: 0.000508 seconds.
  path: Assets/Sprites/space-ring-planet.png
  artifactKey: Guid(b92fcc0d99daf4d91960fc696f2a9b3b) Importer(815301076,1909f56bfc062723c751e8b465ee728b)
Start importing Assets/Sprites/space-ring-planet.png using Guid(b92fcc0d99daf4d91960fc696f2a9b3b) Importer(815301076,1909f56bfc062723c751e8b465ee728b)  -> (artifact id: 'e71a364bb956cc77cb8ac6a8df11e109') in 0.093054 seconds 
  Import took 0.100091 seconds .

========================================================================
Received Import Request.
  Time since last request: 0.000549 seconds.
  path: Assets/SimpleParticlePack/Resources/Explosions/Explosion01b.prefab
  artifactKey: Guid(1e47e1a2302b340578c901da5181c6f1) Importer(815301076,1909f56bfc062723c751e8b465ee728b)
Start importing Assets/SimpleParticlePack/Resources/Explosions/Explosion01b.prefab using Guid(1e47e1a2302b340578c901da5181c6f1) Importer(815301076,1909f56bfc062723c751e8b465ee728b)  -> (artifact id: '22bdfcd3ae3cd3f06032c3311a14e303') in 0.187724 seconds 
  Import took 0.194619 seconds .

========================================================================
Received Import Request.
  Time since last request: 0.000596 seconds.
  path: Assets/Audio/PlayerShoot.wav
  artifactKey: Guid(b4b1aa6470c144a18a413f3d88df2bd8) Importer(815301076,1909f56bfc062723c751e8b465ee728b)
Start importing Assets/Audio/PlayerShoot.wav using Guid(b4b1aa6470c144a18a413f3d88df2bd8) Importer(815301076,1909f56bfc062723c751e8b465ee728b)  -> (artifact id: 'b28d01c82c09c7c349c6fc676e66a0e1') in 0.035481 seconds 
  Import took 0.042262 seconds .

========================================================================
Received Import Request.
  Time since last request: 0.000556 seconds.
  path: Assets/SimpleParticlePack/Resources/Explosions/Explosion02.prefab
  artifactKey: Guid(e6ab56e4714ff4154ac034cf28db78b2) Importer(815301076,1909f56bfc062723c751e8b465ee728b)
Start importing Assets/SimpleParticlePack/Resources/Explosions/Explosion02.prefab using Guid(e6ab56e4714ff4154ac034cf28db78b2) Importer(815301076,1909f56bfc062723c751e8b465ee728b)  -> (artifact id: '85cda20e4ed5ace4949a7d86e24b73a8') in 0.043610 seconds 
  Import took 0.051345 seconds .

========================================================================
Received Import Request.
  Time since last request: 0.000553 seconds.
  path: Assets/SimpleParticlePack/Resources/Explosions/Explosion04a1.prefab
  artifactKey: Guid(e245491c3f96d49ff99b96bcdd7da7a3) Importer(815301076,1909f56bfc062723c751e8b465ee728b)
Start importing Assets/SimpleParticlePack/Resources/Explosions/Explosion04a1.prefab using Guid(e245491c3f96d49ff99b96bcdd7da7a3) Importer(815301076,1909f56bfc062723c751e8b465ee728b)  -> (artifact id: 'f173a11776462dc74eadb8a421a14b02') in 0.043551 seconds 
  Import took 0.051116 seconds .

========================================================================
Received Import Request.
  Time since last request: 0.000709 seconds.
  path: Assets/SimpleParticlePack/Resources/Explosions/Explosion06.prefab
  artifactKey: Guid(ebd39b50df8574fb88f15e5d023ef3a7) Importer(815301076,1909f56bfc062723c751e8b465ee728b)
Start importing Assets/SimpleParticlePack/Resources/Explosions/Explosion06.prefab using Guid(ebd39b50df8574fb88f15e5d023ef3a7) Importer(815301076,1909f56bfc062723c751e8b465ee728b)  -> (artifact id: '3b7a605abec66821e388628ea3073af4') in 0.111923 seconds 
  Import took 0.119826 seconds .

========================================================================
Received Import Request.
  Time since last request: 0.000643 seconds.
  path: Assets/SimpleParticlePack/Resources/Directional/SimpleFlame2(Red).prefab
  artifactKey: Guid(6c1de2b3c41b4411784f75bb6bd048ed) Importer(815301076,1909f56bfc062723c751e8b465ee728b)
Start importing Assets/SimpleParticlePack/Resources/Directional/SimpleFlame2(Red).prefab using Guid(6c1de2b3c41b4411784f75bb6bd048ed) Importer(815301076,1909f56bfc062723c751e8b465ee728b)  -> (artifact id: 'f77e884ba5df08f5743925125adf1aa9') in 0.040898 seconds 
  Import took 0.049944 seconds .

========================================================================
Received Import Request.
  Time since last request: 0.000584 seconds.
  path: Assets/SimpleParticlePack/Resources/Explosions/Explosion04b.prefab
  artifactKey: Guid(2cccb0aff0bec41229698d0012efce5b) Importer(815301076,1909f56bfc062723c751e8b465ee728b)
Start importing Assets/SimpleParticlePack/Resources/Explosions/Explosion04b.prefab using Guid(2cccb0aff0bec41229698d0012efce5b) Importer(815301076,1909f56bfc062723c751e8b465ee728b)  -> (artifact id: 'c0fc60955cebe0ad3f799a12c4ac39c5') in 0.039847 seconds 
  Import took 0.047788 seconds .

========================================================================
Received Import Request.
  Time since last request: 0.000561 seconds.
  path: Assets/SimpleParticlePack/Resources/Directional/SimpleFlame(Green).prefab
  artifactKey: Guid(440b55d8d692c4785aa1e7f875da6a43) Importer(815301076,1909f56bfc062723c751e8b465ee728b)
Start importing Assets/SimpleParticlePack/Resources/Directional/SimpleFlame(Green).prefab using Guid(440b55d8d692c4785aa1e7f875da6a43) Importer(815301076,1909f56bfc062723c751e8b465ee728b)  -> (artifact id: 'a2f3c43ede4b2c03aa22cb95b53cc905') in 0.039369 seconds 
  Import took 0.047236 seconds .

========================================================================
Received Import Request.
  Time since last request: 0.000562 seconds.
  path: Assets/SimpleParticlePack/Resources/Explosions/Explosion03b.prefab
  artifactKey: Guid(d33904b3aaa63498c9be5ef9d2e80a6b) Importer(815301076,1909f56bfc062723c751e8b465ee728b)
Start importing Assets/SimpleParticlePack/Resources/Explosions/Explosion03b.prefab using Guid(d33904b3aaa63498c9be5ef9d2e80a6b) Importer(815301076,1909f56bfc062723c751e8b465ee728b)  -> (artifact id: '142791517b2e592bec7f0baf11006293') in 0.052014 seconds 
  Import took 0.060795 seconds .

========================================================================
Received Import Request.
  Time since last request: 0.000618 seconds.
  path: Assets/Sprites/space-far-planets.png
  artifactKey: Guid(38cf65362eb0c4a618e889fd8bc80616) Importer(815301076,1909f56bfc062723c751e8b465ee728b)
Start importing Assets/Sprites/space-far-planets.png using Guid(38cf65362eb0c4a618e889fd8bc80616) Importer(815301076,1909f56bfc062723c751e8b465ee728b)  -> (artifact id: '4f449129b489beb79996dada397907e8') in 0.043750 seconds 
  Import took 0.050757 seconds .

========================================================================
Received Import Request.
  Time since last request: 0.000613 seconds.
  path: Assets/SimpleParticlePack/Resources/Explosions/Explosion04a2.prefab
  artifactKey: Guid(0f28c0d6e5f4c46428854ca9390ebbdc) Importer(815301076,1909f56bfc062723c751e8b465ee728b)
Start importing Assets/SimpleParticlePack/Resources/Explosions/Explosion04a2.prefab using Guid(0f28c0d6e5f4c46428854ca9390ebbdc) Importer(815301076,1909f56bfc062723c751e8b465ee728b)  -> (artifact id: 'cc2a1c7df38c3abe6aa281b8df57174d') in 0.041768 seconds 
  Import took 0.050024 seconds .

========================================================================
Received Import Request.
  Time since last request: 0.000531 seconds.
  path: Assets/Sprites/space-big-planet.png
  artifactKey: Guid(b42edc9f48d77464c9fd8b2c67f0abc3) Importer(815301076,1909f56bfc062723c751e8b465ee728b)
Start importing Assets/Sprites/space-big-planet.png using Guid(b42edc9f48d77464c9fd8b2c67f0abc3) Importer(815301076,1909f56bfc062723c751e8b465ee728b)  -> (artifact id: '4dc34d9c1a0c3f137ccfbc344c34acf2') in 0.052213 seconds 
  Import took 0.062477 seconds .

========================================================================
Received Import Request.
  Time since last request: 0.000982 seconds.
  path: Assets/Sprites/PixelPlayerShip.png
  artifactKey: Guid(830ded18ab3954b8f9023a81ebec45e5) Importer(815301076,1909f56bfc062723c751e8b465ee728b)
Start importing Assets/Sprites/PixelPlayerShip.png using Guid(830ded18ab3954b8f9023a81ebec45e5) Importer(815301076,1909f56bfc062723c751e8b465ee728b)  -> (artifact id: '28f5ce62d3d78be49c56c40718e4943f') in 0.049709 seconds 
  Import took 0.057040 seconds .

========================================================================
Received Import Request.
  Time since last request: 0.000489 seconds.
  path: Assets/SimpleParticlePack/Resources/Directional/SimpleFlame2(Blue).prefab
  artifactKey: Guid(9f404cddce5a345d9998b301b60096e8) Importer(815301076,1909f56bfc062723c751e8b465ee728b)
Start importing Assets/SimpleParticlePack/Resources/Directional/SimpleFlame2(Blue).prefab using Guid(9f404cddce5a345d9998b301b60096e8) Importer(815301076,1909f56bfc062723c751e8b465ee728b)  -> (artifact id: '654751312f2895cdca0696a82e09e903') in 0.042323 seconds 
  Import took 0.051565 seconds .

========================================================================
Received Import Request.
  Time since last request: 0.001300 seconds.
  path: Assets/SimpleParticlePack/Resources/Explosions/Explosion03a.prefab
  artifactKey: Guid(6ea62d4e8979f4cb8ad6c56646a6af9f) Importer(815301076,1909f56bfc062723c751e8b465ee728b)
Start importing Assets/SimpleParticlePack/Resources/Explosions/Explosion03a.prefab using Guid(6ea62d4e8979f4cb8ad6c56646a6af9f) Importer(815301076,1909f56bfc062723c751e8b465ee728b)  -> (artifact id: 'a9a816f8fa951ff8dd3bddee51b9b678') in 0.047498 seconds 
  Import took 0.057831 seconds .

========================================================================
Received Import Request.
  Time since last request: 0.000776 seconds.
  path: Assets/SimpleParticlePack/Resources/Explosions/Explosion04c.prefab
  artifactKey: Guid(07725ad1d903f4ea891afbc5b4a253f8) Importer(815301076,1909f56bfc062723c751e8b465ee728b)
Start importing Assets/SimpleParticlePack/Resources/Explosions/Explosion04c.prefab using Guid(07725ad1d903f4ea891afbc5b4a253f8) Importer(815301076,1909f56bfc062723c751e8b465ee728b)  -> (artifact id: '42010dc14544877a90ba65484628bec7') in 0.055570 seconds 
  Import took 0.065626 seconds .

========================================================================
Received Import Request.
  Time since last request: 0.000520 seconds.
  path: Assets/SimpleParticlePack/Resources/Explosions/Explosion03c.prefab
  artifactKey: Guid(748eb41b584bb49b99a42da7420e5d1e) Importer(815301076,1909f56bfc062723c751e8b465ee728b)
Start importing Assets/SimpleParticlePack/Resources/Explosions/Explosion03c.prefab using Guid(748eb41b584bb49b99a42da7420e5d1e) Importer(815301076,1909f56bfc062723c751e8b465ee728b)  -> (artifact id: '1a9715e50cd7f53d16e7092a58c8cbe9') in 0.047342 seconds 
  Import took 0.054998 seconds .

========================================================================
Received Import Request.
  Time since last request: 0.000836 seconds.
  path: Assets/SimpleParticlePack/Resources/Explosions/Explosion07.prefab
  artifactKey: Guid(93a60ba8e409947b1a0334537c8b38c8) Importer(815301076,1909f56bfc062723c751e8b465ee728b)
Start importing Assets/SimpleParticlePack/Resources/Explosions/Explosion07.prefab using Guid(93a60ba8e409947b1a0334537c8b38c8) Importer(815301076,1909f56bfc062723c751e8b465ee728b)  -> (artifact id: '205631037ef7c1c1c073d704b2f2ca20') in 0.044923 seconds 
  Import took 0.053434 seconds .

========================================================================
Received Import Request.
  Time since last request: 0.000513 seconds.
  path: Assets/Prefabs/PlayerBullet.prefab
  artifactKey: Guid(9446514038a1844e99b48a3160c90c58) Importer(815301076,1909f56bfc062723c751e8b465ee728b)
Start importing Assets/Prefabs/PlayerBullet.prefab using Guid(9446514038a1844e99b48a3160c90c58) Importer(815301076,1909f56bfc062723c751e8b465ee728b)  -> (artifact id: 'e7edda28761693842feb0c42b7122d12') in 0.042434 seconds 
  Import took 0.051557 seconds .

========================================================================
Received Import Request.
  Time since last request: 0.000518 seconds.
  path: Assets/SimpleParticlePack/Resources/Directional/SimpleFlame(Blue).prefab
  artifactKey: Guid(e840ebf9e10804cc7a1bb453752a4923) Importer(815301076,1909f56bfc062723c751e8b465ee728b)
Start importing Assets/SimpleParticlePack/Resources/Directional/SimpleFlame(Blue).prefab using Guid(e840ebf9e10804cc7a1bb453752a4923) Importer(815301076,1909f56bfc062723c751e8b465ee728b)  -> (artifact id: '479a73fd0866bd879a16bd74df2898dd') in 0.035493 seconds 
  Import took 0.042455 seconds .

========================================================================
Received Import Request.
  Time since last request: 0.000663 seconds.
  path: Assets/SimpleParticlePack/Resources/Directional/SimpleTorch.prefab
  artifactKey: Guid(d1260e9d5bca24af590ff56a193510fb) Importer(815301076,1909f56bfc062723c751e8b465ee728b)
Start importing Assets/SimpleParticlePack/Resources/Directional/SimpleTorch.prefab using Guid(d1260e9d5bca24af590ff56a193510fb) Importer(815301076,1909f56bfc062723c751e8b465ee728b)  -> (artifact id: '085b7c0e3b0c12685f6fbd4abcf38de6') in 0.039018 seconds 
  Import took 0.047641 seconds .

========================================================================
Received Import Request.
  Time since last request: 0.000575 seconds.
  path: Assets/Prefabs/Playership.prefab
  artifactKey: Guid(38c239bb848c24fadb5c762776560032) Importer(815301076,1909f56bfc062723c751e8b465ee728b)
Start importing Assets/Prefabs/Playership.prefab using Guid(38c239bb848c24fadb5c762776560032) Importer(815301076,1909f56bfc062723c751e8b465ee728b)  -> (artifact id: '0e1c61ea500ffb9d75b28e73f771e237') in 0.053928 seconds 
  Import took 0.062705 seconds .

========================================================================
Received Import Request.
  Time since last request: 0.000592 seconds.
  path: Assets/SimpleParticlePack/Resources/Explosions/Explosion01c.prefab
  artifactKey: Guid(4813da6bfa5e94ac682f6d270a12d4b5) Importer(815301076,1909f56bfc062723c751e8b465ee728b)
Start importing Assets/SimpleParticlePack/Resources/Explosions/Explosion01c.prefab using Guid(4813da6bfa5e94ac682f6d270a12d4b5) Importer(815301076,1909f56bfc062723c751e8b465ee728b)  -> (artifact id: 'a95a3cc3f6d3683119808bd1634c674d') in 0.045040 seconds 
  Import took 0.052213 seconds .

========================================================================
Received Import Request.
  Time since last request: 0.000692 seconds.
  path: Assets/SimpleParticlePack/Resources/Explosions/Explosion05.prefab
  artifactKey: Guid(f75468363e2394440a081e9c175e6c93) Importer(815301076,1909f56bfc062723c751e8b465ee728b)
Start importing Assets/SimpleParticlePack/Resources/Explosions/Explosion05.prefab using Guid(f75468363e2394440a081e9c175e6c93) Importer(815301076,1909f56bfc062723c751e8b465ee728b)  -> (artifact id: '388894b20f60f7ef1204dcd590514626') in 0.042666 seconds 
  Import took 0.051795 seconds .

========================================================================
Received Import Request.
  Time since last request: 0.000706 seconds.
  path: Assets/SimpleParticlePack/Resources/Explosions/Explosion01a.prefab
  artifactKey: Guid(bf3f387d006f0414b80b25ba2b9cdf38) Importer(815301076,1909f56bfc062723c751e8b465ee728b)
Start importing Assets/SimpleParticlePack/Resources/Explosions/Explosion01a.prefab using Guid(bf3f387d006f0414b80b25ba2b9cdf38) Importer(815301076,1909f56bfc062723c751e8b465ee728b)  -> (artifact id: 'efd19a7e7405bd471d74e4f63de281c3') in 0.042068 seconds 
  Import took 0.050866 seconds .

========================================================================
Received Import Request.
  Time since last request: 0.000623 seconds.
  path: Assets/SimpleParticlePack/Resources/Explosions/Explosion04a3.prefab
  artifactKey: Guid(97a1d7f3a73b04feca9e61ea6cc1a3f7) Importer(815301076,1909f56bfc062723c751e8b465ee728b)
Start importing Assets/SimpleParticlePack/Resources/Explosions/Explosion04a3.prefab using Guid(97a1d7f3a73b04feca9e61ea6cc1a3f7) Importer(815301076,1909f56bfc062723c751e8b465ee728b)  -> (artifact id: '568aeafc98bfa38e43d07691cd98e6ac') in 0.040924 seconds 
  Import took 0.049818 seconds .

========================================================================
Received Import Request.
  Time since last request: 0.000526 seconds.
  path: Assets/SimpleParticlePack/Resources/Directional/SimpleFlame(Red).prefab
  artifactKey: Guid(834ef5bb49c804e1db7cbd8ef2e1ec84) Importer(815301076,1909f56bfc062723c751e8b465ee728b)
Start importing Assets/SimpleParticlePack/Resources/Directional/SimpleFlame(Red).prefab using Guid(834ef5bb49c804e1db7cbd8ef2e1ec84) Importer(815301076,1909f56bfc062723c751e8b465ee728b)  -> (artifact id: 'a8354c413501b589528c9f45b6065edc') in 0.041166 seconds 
  Import took 0.051505 seconds .

========================================================================
Received Import Request.
  Time since last request: 0.000573 seconds.
  path: Assets/SimpleParticlePack/Resources/Directional/SimpleFlame2(Green).prefab
  artifactKey: Guid(93f88cda45aa04c46be37909b0c07bc7) Importer(815301076,1909f56bfc062723c751e8b465ee728b)
Start importing Assets/SimpleParticlePack/Resources/Directional/SimpleFlame2(Green).prefab using Guid(93f88cda45aa04c46be37909b0c07bc7) Importer(815301076,1909f56bfc062723c751e8b465ee728b)  -> (artifact id: 'eb94d2353792909f45a2c0ba4442c18e') in 0.041603 seconds 
  Import took 0.051813 seconds .

========================================================================
Received Prepare
Registering precompiled user dll's ...
Registered in 0.010505 seconds.
Begin MonoManager ReloadAssembly
Native extension for WindowsStandalone target not found
Refreshing native plugins compatible for Editor in 1.73 ms, found 2 plugins.
Preloading 0 native plugins for Editor in 0.00 ms.
Mono: successfully reloaded assembly
- Completed reload, in  3.317 seconds
Domain Reload Profiling:
	ReloadAssembly (3318ms)
		BeginReloadAssembly (315ms)
			ExecutionOrderSort (0ms)
			DisableScriptedObjects (13ms)
			BackupInstance (0ms)
			ReleaseScriptingObjects (0ms)
			CreateAndSetChildDomain (91ms)
		EndReloadAssembly (2747ms)
			LoadAssemblies (312ms)
			RebuildTransferFunctionScriptingTraits (0ms)
			SetupTypeCache (908ms)
			ReleaseScriptCaches (2ms)
			RebuildScriptCaches (156ms)
			SetupLoadedEditorAssemblies (1051ms)
				LogAssemblyErrors (0ms)
				InitializePlatformSupportModulesInManaged (23ms)
				SetLoadedEditorAssemblies (2ms)
				RefreshPlugins (2ms)
				BeforeProcessingInitializeOnLoad (212ms)
				ProcessInitializeOnLoadAttributes (756ms)
				ProcessInitializeOnLoadMethodAttributes (29ms)
				AfterProcessingInitializeOnLoad (25ms)
				EditorAssembliesLoaded (1ms)
			ExecutionOrderSort2 (0ms)
			AwakeInstancesAfterBackupRestoration (25ms)
Platform modules already initialized, skipping
Refreshing native plugins compatible for Editor in 1.39 ms, found 2 plugins.
Preloading 0 native plugins for Editor in 0.00 ms.
Unloading 1493 Unused Serialized files (Serialized files now loaded: 0)
System memory in use before: 71.7 MB.
System memory in use after: 71.8 MB.

Unloading 16 unused Assets to reduce memory usage. Loaded Objects now: 1955.
Total: 8.493400 ms (FindLiveObjects: 0.366400 ms CreateObjectMapping: 0.091100 ms MarkObjects: 7.912800 ms  DeleteObjects: 0.119100 ms)

AssetImportParameters requested are different than current active one (requested -> active):
  custom:framework-win-MediaFoundation: 216162199b28c13a410421893ffa2e32 -> 
  custom:video-decoder-ogg-theora: a1e56fd34408186e4bbccfd4996cb3dc -> 
  custom:container-muxer-webm: aa71ff27fc2769a1b78a27578f13a17b -> 
  custom:container-demuxer-webm: 4f35f7cbe854078d1ac9338744f61a02 -> 
  custom:container-demuxer-ogg: 62fdf1f143b41e24485cea50d1cbac27 -> 
  custom:video-encoder-webm-vp8: eb34c28f22e8b96e1ab97ce403110664 -> 
  custom:video-codec-MediaFoundation-h265: 746d11721c4dcdbdad8f713fa42b33f4 -> 
  custom:video-decoder-webm-vp8: 9c59270c3fd7afecdb556c50c9e8de78 -> 
  custom:audio-decoder-ogg-vorbis: bf7c407c2cedff20999df2af8eb42d56 -> 
  custom:audio-encoder-webm-vorbis: bf7c407c2cedff20999df2af8eb42d56 -> 
========================================================================
Received Import Request.
  Time since last request: 233.037018 seconds.
  path: Assets/ObjectPooler.cs
  artifactKey: Guid(139ff8deb27114045bcddad002f044c8) Importer(815301076,1909f56bfc062723c751e8b465ee728b)
Start importing Assets/ObjectPooler.cs using Guid(139ff8deb27114045bcddad002f044c8) Importer(815301076,1909f56bfc062723c751e8b465ee728b)  -> (artifact id: 'd81b50b27c7f515fb2eb8b372ad00dfc') in 0.013235 seconds 
  Import took 0.020948 seconds .

========================================================================
Received Prepare
Registering precompiled user dll's ...
Registered in 0.010648 seconds.
Begin MonoManager ReloadAssembly
Native extension for WindowsStandalone target not found
Refreshing native plugins compatible for Editor in 1.24 ms, found 2 plugins.
Preloading 0 native plugins for Editor in 0.00 ms.
Mono: successfully reloaded assembly
- Completed reload, in  3.898 seconds
Domain Reload Profiling:
	ReloadAssembly (3899ms)
		BeginReloadAssembly (444ms)
			ExecutionOrderSort (0ms)
			DisableScriptedObjects (21ms)
			BackupInstance (0ms)
			ReleaseScriptingObjects (0ms)
			CreateAndSetChildDomain (115ms)
		EndReloadAssembly (3138ms)
			LoadAssemblies (384ms)
			RebuildTransferFunctionScriptingTraits (0ms)
			SetupTypeCache (1124ms)
			ReleaseScriptCaches (3ms)
			RebuildScriptCaches (175ms)
			SetupLoadedEditorAssemblies (1130ms)
				LogAssemblyErrors (0ms)
				InitializePlatformSupportModulesInManaged (23ms)
				SetLoadedEditorAssemblies (2ms)
				RefreshPlugins (1ms)
				BeforeProcessingInitializeOnLoad (222ms)
				ProcessInitializeOnLoadAttributes (817ms)
				ProcessInitializeOnLoadMethodAttributes (33ms)
				AfterProcessingInitializeOnLoad (30ms)
				EditorAssembliesLoaded (1ms)
			ExecutionOrderSort2 (0ms)
			AwakeInstancesAfterBackupRestoration (27ms)
Platform modules already initialized, skipping
Refreshing native plugins compatible for Editor in 0.90 ms, found 2 plugins.
Preloading 0 native plugins for Editor in 0.00 ms.
Unloading 1493 Unused Serialized files (Serialized files now loaded: 0)
System memory in use before: 71.8 MB.
System memory in use after: 71.9 MB.

Unloading 14 unused Assets to reduce memory usage. Loaded Objects now: 1957.
Total: 9.731300 ms (FindLiveObjects: 0.463800 ms CreateObjectMapping: 0.117000 ms MarkObjects: 9.032800 ms  DeleteObjects: 0.113000 ms)

AssetImportParameters requested are different than current active one (requested -> active):
  custom:framework-win-MediaFoundation: 216162199b28c13a410421893ffa2e32 -> 
  custom:video-decoder-ogg-theora: a1e56fd34408186e4bbccfd4996cb3dc -> 
  custom:container-muxer-webm: aa71ff27fc2769a1b78a27578f13a17b -> 
  custom:container-demuxer-webm: 4f35f7cbe854078d1ac9338744f61a02 -> 
  custom:container-demuxer-ogg: 62fdf1f143b41e24485cea50d1cbac27 -> 
  custom:video-encoder-webm-vp8: eb34c28f22e8b96e1ab97ce403110664 -> 
  custom:video-codec-MediaFoundation-h265: 746d11721c4dcdbdad8f713fa42b33f4 -> 
  custom:video-decoder-webm-vp8: 9c59270c3fd7afecdb556c50c9e8de78 -> 
  custom:audio-decoder-ogg-vorbis: bf7c407c2cedff20999df2af8eb42d56 -> 
  custom:audio-encoder-webm-vorbis: bf7c407c2cedff20999df2af8eb42d56 -> 
========================================================================
Received Prepare
Registering precompiled user dll's ...
Registered in 0.009697 seconds.
Begin MonoManager ReloadAssembly
Native extension for WindowsStandalone target not found
Refreshing native plugins compatible for Editor in 0.89 ms, found 2 plugins.
Preloading 0 native plugins for Editor in 0.00 ms.
Mono: successfully reloaded assembly
- Completed reload, in  3.024 seconds
Domain Reload Profiling:
	ReloadAssembly (3025ms)
		BeginReloadAssembly (324ms)
			ExecutionOrderSort (0ms)
			DisableScriptedObjects (15ms)
			BackupInstance (0ms)
			ReleaseScriptingObjects (0ms)
			CreateAndSetChildDomain (92ms)
		EndReloadAssembly (2467ms)
			LoadAssemblies (282ms)
			RebuildTransferFunctionScriptingTraits (0ms)
			SetupTypeCache (856ms)
			ReleaseScriptCaches (2ms)
			RebuildScriptCaches (138ms)
			SetupLoadedEditorAssemblies (897ms)
				LogAssemblyErrors (0ms)
				InitializePlatformSupportModulesInManaged (19ms)
				SetLoadedEditorAssemblies (2ms)
				RefreshPlugins (1ms)
				BeforeProcessingInitializeOnLoad (169ms)
				ProcessInitializeOnLoadAttributes (651ms)
				ProcessInitializeOnLoadMethodAttributes (28ms)
				AfterProcessingInitializeOnLoad (27ms)
				EditorAssembliesLoaded (1ms)
			ExecutionOrderSort2 (0ms)
			AwakeInstancesAfterBackupRestoration (21ms)
Platform modules already initialized, skipping
Refreshing native plugins compatible for Editor in 0.86 ms, found 2 plugins.
Preloading 0 native plugins for Editor in 0.00 ms.
Unloading 1493 Unused Serialized files (Serialized files now loaded: 0)
System memory in use before: 71.8 MB.
System memory in use after: 71.9 MB.

Unloading 14 unused Assets to reduce memory usage. Loaded Objects now: 1959.
Total: 9.371900 ms (FindLiveObjects: 0.502200 ms CreateObjectMapping: 0.093400 ms MarkObjects: 8.710300 ms  DeleteObjects: 0.062000 ms)

AssetImportParameters requested are different than current active one (requested -> active):
  custom:framework-win-MediaFoundation: 216162199b28c13a410421893ffa2e32 -> 
  custom:video-decoder-ogg-theora: a1e56fd34408186e4bbccfd4996cb3dc -> 
  custom:container-muxer-webm: aa71ff27fc2769a1b78a27578f13a17b -> 
  custom:container-demuxer-webm: 4f35f7cbe854078d1ac9338744f61a02 -> 
  custom:container-demuxer-ogg: 62fdf1f143b41e24485cea50d1cbac27 -> 
  custom:video-encoder-webm-vp8: eb34c28f22e8b96e1ab97ce403110664 -> 
  custom:video-codec-MediaFoundation-h265: 746d11721c4dcdbdad8f713fa42b33f4 -> 
  custom:video-decoder-webm-vp8: 9c59270c3fd7afecdb556c50c9e8de78 -> 
  custom:audio-decoder-ogg-vorbis: bf7c407c2cedff20999df2af8eb42d56 -> 
  custom:audio-encoder-webm-vorbis: bf7c407c2cedff20999df2af8eb42d56 -> 
========================================================================
Received Prepare
Registering precompiled user dll's ...
Registered in 0.011606 seconds.
Begin MonoManager ReloadAssembly
Native extension for WindowsStandalone target not found
Refreshing native plugins compatible for Editor in 0.96 ms, found 2 plugins.
Preloading 0 native plugins for Editor in 0.00 ms.
Mono: successfully reloaded assembly
- Completed reload, in  3.153 seconds
Domain Reload Profiling:
	ReloadAssembly (3155ms)
		BeginReloadAssembly (346ms)
			ExecutionOrderSort (0ms)
			DisableScriptedObjects (17ms)
			BackupInstance (0ms)
			ReleaseScriptingObjects (0ms)
			CreateAndSetChildDomain (100ms)
		EndReloadAssembly (2564ms)
			LoadAssemblies (292ms)
			RebuildTransferFunctionScriptingTraits (0ms)
			SetupTypeCache (865ms)
			ReleaseScriptCaches (2ms)
			RebuildScriptCaches (135ms)
			SetupLoadedEditorAssemblies (984ms)
				LogAssemblyErrors (0ms)
				InitializePlatformSupportModulesInManaged (17ms)
				SetLoadedEditorAssemblies (2ms)
				RefreshPlugins (1ms)
				BeforeProcessingInitializeOnLoad (186ms)
				ProcessInitializeOnLoadAttributes (717ms)
				ProcessInitializeOnLoadMethodAttributes (32ms)
				AfterProcessingInitializeOnLoad (29ms)
				EditorAssembliesLoaded (1ms)
			ExecutionOrderSort2 (0ms)
			AwakeInstancesAfterBackupRestoration (22ms)
Platform modules already initialized, skipping
Refreshing native plugins compatible for Editor in 0.93 ms, found 2 plugins.
Preloading 0 native plugins for Editor in 0.00 ms.
Unloading 1493 Unused Serialized files (Serialized files now loaded: 0)
System memory in use before: 71.8 MB.
System memory in use after: 71.9 MB.

Unloading 14 unused Assets to reduce memory usage. Loaded Objects now: 1961.
Total: 11.568300 ms (FindLiveObjects: 0.484800 ms CreateObjectMapping: 0.139400 ms MarkObjects: 10.877300 ms  DeleteObjects: 0.063400 ms)

AssetImportParameters requested are different than current active one (requested -> active):
  custom:framework-win-MediaFoundation: 216162199b28c13a410421893ffa2e32 -> 
  custom:video-decoder-ogg-theora: a1e56fd34408186e4bbccfd4996cb3dc -> 
  custom:container-muxer-webm: aa71ff27fc2769a1b78a27578f13a17b -> 
  custom:container-demuxer-webm: 4f35f7cbe854078d1ac9338744f61a02 -> 
  custom:container-demuxer-ogg: 62fdf1f143b41e24485cea50d1cbac27 -> 
  custom:video-encoder-webm-vp8: eb34c28f22e8b96e1ab97ce403110664 -> 
  custom:video-codec-MediaFoundation-h265: 746d11721c4dcdbdad8f713fa42b33f4 -> 
  custom:video-decoder-webm-vp8: 9c59270c3fd7afecdb556c50c9e8de78 -> 
  custom:audio-decoder-ogg-vorbis: bf7c407c2cedff20999df2af8eb42d56 -> 
  custom:audio-encoder-webm-vorbis: bf7c407c2cedff20999df2af8eb42d56 -> 
========================================================================
Received Import Request.
  Time since last request: 385.977103 seconds.
  path: Assets/Audio/bensound-scifi.mp3
  artifactKey: Guid(ba412193fb3b74d9a98fd8276767ed16) Importer(815301076,1909f56bfc062723c751e8b465ee728b)
Start importing Assets/Audio/bensound-scifi.mp3 using Guid(ba412193fb3b74d9a98fd8276767ed16) Importer(815301076,1909f56bfc062723c751e8b465ee728b)  -> (artifact id: 'e2e8d45c38b6e43174a4241dfdaec9bc') in 0.232020 seconds 
  Import took 0.240009 seconds .

========================================================================
Received Import Request.
  Time since last request: 0.000536 seconds.
  path: Assets/SimpleParticlePack/Resources/Explosions/FlashRing01.prefab
  artifactKey: Guid(d3e0d9dd3a0bb4bf4815b26939dce392) Importer(815301076,1909f56bfc062723c751e8b465ee728b)
Start importing Assets/SimpleParticlePack/Resources/Explosions/FlashRing01.prefab using Guid(d3e0d9dd3a0bb4bf4815b26939dce392) Importer(815301076,1909f56bfc062723c751e8b465ee728b)  -> (artifact id: '5703487059895441e5f2de2401d1ab0b') in 0.103198 seconds 
  Import took 0.110997 seconds .

========================================================================
Received Import Request.
  Time since last request: 0.000584 seconds.
  path: Assets/SimpleParticlePack/Resources/Explosions/Shockwave.prefab
  artifactKey: Guid(4f2b448ece6bb4940be1ce4a87b8e110) Importer(815301076,1909f56bfc062723c751e8b465ee728b)
Start importing Assets/SimpleParticlePack/Resources/Explosions/Shockwave.prefab using Guid(4f2b448ece6bb4940be1ce4a87b8e110) Importer(815301076,1909f56bfc062723c751e8b465ee728b)  -> (artifact id: 'fcf1acdaa05e1bdbd357ad6adb399f57') in 0.048182 seconds 
  Import took 0.056412 seconds .

========================================================================
Received Import Request.
  Time since last request: 0.000750 seconds.
  path: Assets/SimpleParticlePack/Resources/Explosions/Burst.prefab
  artifactKey: Guid(8e1dcf1924b1945fcaab73df0affd2ab) Importer(815301076,1909f56bfc062723c751e8b465ee728b)
Start importing Assets/SimpleParticlePack/Resources/Explosions/Burst.prefab using Guid(8e1dcf1924b1945fcaab73df0affd2ab) Importer(815301076,1909f56bfc062723c751e8b465ee728b)  -> (artifact id: 'a07ac33681e249658a9b075bf2478f48') in 0.045497 seconds 
  Import took 0.055922 seconds .

========================================================================
Received Import Request.
  Time since last request: 0.000760 seconds.
  path: Assets/SimpleParticlePack/Resources/Explosions/ShockFlash.prefab
  artifactKey: Guid(9f38591bb6b3f4bae89cf8f5b4091217) Importer(815301076,1909f56bfc062723c751e8b465ee728b)
Start importing Assets/SimpleParticlePack/Resources/Explosions/ShockFlash.prefab using Guid(9f38591bb6b3f4bae89cf8f5b4091217) Importer(815301076,1909f56bfc062723c751e8b465ee728b)  -> (artifact id: 'aa118ee4b2f5aa4ce3feee6bc0fd6494') in 0.053687 seconds 
  Import took 0.061697 seconds .

========================================================================
Received Import Request.
  Time since last request: 0.000620 seconds.
  path: Assets/SimpleParticlePack/Resources/Explosions/Flash02.prefab
  artifactKey: Guid(3c1f0555cc3fd4e1d87382fbaa007f8f) Importer(815301076,1909f56bfc062723c751e8b465ee728b)
Start importing Assets/SimpleParticlePack/Resources/Explosions/Flash02.prefab using Guid(3c1f0555cc3fd4e1d87382fbaa007f8f) Importer(815301076,1909f56bfc062723c751e8b465ee728b)  -> (artifact id: 'e42811d94ffccda8b5ab177dca5311ca') in 0.045267 seconds 
  Import took 0.053467 seconds .

========================================================================
Received Import Request.
  Time since last request: 0.000508 seconds.
  path: Assets/SimpleParticlePack/Textures/ShockWave.psd
  artifactKey: Guid(e12f8e30c9a7e49a589559cf53454a29) Importer(815301076,1909f56bfc062723c751e8b465ee728b)
Start importing Assets/SimpleParticlePack/Textures/ShockWave.psd using Guid(e12f8e30c9a7e49a589559cf53454a29) Importer(815301076,1909f56bfc062723c751e8b465ee728b)  -> (artifact id: '86f8fd592330db5ede38a420db0dd2e7') in 0.064294 seconds 
  Import took 0.072454 seconds .

========================================================================
Received Import Request.
  Time since last request: 0.000716 seconds.
  path: Assets/SimpleParticlePack/Materials/Shockwave.mat
  artifactKey: Guid(f2bffbeb094e1415586c0fdcaa089b71) Importer(815301076,1909f56bfc062723c751e8b465ee728b)
Start importing Assets/SimpleParticlePack/Materials/Shockwave.mat using Guid(f2bffbeb094e1415586c0fdcaa089b71) Importer(815301076,1909f56bfc062723c751e8b465ee728b)  -> (artifact id: 'dfdd956fa0c5af534308861727411e37') in 0.096774 seconds 
  Import took 0.103497 seconds .

========================================================================
Received Import Request.
  Time since last request: 0.000738 seconds.
  path: Assets/SimpleParticlePack/Resources/Explosions/FlashRingFlame04.prefab
  artifactKey: Guid(ac8c1c4fd62d44c809ced6a1696a9d62) Importer(815301076,1909f56bfc062723c751e8b465ee728b)
Start importing Assets/SimpleParticlePack/Resources/Explosions/FlashRingFlame04.prefab using Guid(ac8c1c4fd62d44c809ced6a1696a9d62) Importer(815301076,1909f56bfc062723c751e8b465ee728b)  -> (artifact id: 'eb92c65eae11ac62d8a74dfa15f5474d') in 0.046335 seconds 
  Import took 0.056352 seconds .

========================================================================
Received Import Request.
  Time since last request: 0.000500 seconds.
  path: Assets/Audio/EnemyShootSmall.wav
  artifactKey: Guid(e68b9e1a60b7045a58e513fda5d176d4) Importer(815301076,1909f56bfc062723c751e8b465ee728b)
Start importing Assets/Audio/EnemyShootSmall.wav using Guid(e68b9e1a60b7045a58e513fda5d176d4) Importer(815301076,1909f56bfc062723c751e8b465ee728b)  -> (artifact id: '6cb3e98bca375b960ac21a1794880845') in 0.037988 seconds 
  Import took 0.045715 seconds .

========================================================================
Received Import Request.
  Time since last request: 0.000615 seconds.
  path: Assets/SimpleParticlePack/Resources/Explosions/FlashRing02.prefab
  artifactKey: Guid(bb3bef2df5f35455f9e3890d21dbc268) Importer(815301076,1909f56bfc062723c751e8b465ee728b)
Start importing Assets/SimpleParticlePack/Resources/Explosions/FlashRing02.prefab using Guid(bb3bef2df5f35455f9e3890d21dbc268) Importer(815301076,1909f56bfc062723c751e8b465ee728b)  -> (artifact id: 'bae999bc6a60449b7cf46932c125e617') in 0.043380 seconds 
  Import took 0.051757 seconds .

========================================================================
Received Import Request.
  Time since last request: 0.000592 seconds.
  path: Assets/SimpleParticlePack/Resources/Explosions/Burst-Sharp.prefab
  artifactKey: Guid(624359039ddfc43a6b27f8c6c1cc5499) Importer(815301076,1909f56bfc062723c751e8b465ee728b)
Start importing Assets/SimpleParticlePack/Resources/Explosions/Burst-Sharp.prefab using Guid(624359039ddfc43a6b27f8c6c1cc5499) Importer(815301076,1909f56bfc062723c751e8b465ee728b)  -> (artifact id: '4e52590a3fb31708e5ee0368789cf443') in 0.046787 seconds 
  Import took 0.054501 seconds .

========================================================================
Received Import Request.
  Time since last request: 0.000632 seconds.
  path: Assets/SimpleParticlePack/Resources/Flares/Flare04-ColorBurst.prefab
  artifactKey: Guid(0ac53a594a4c2420982f877e49310386) Importer(815301076,1909f56bfc062723c751e8b465ee728b)
Start importing Assets/SimpleParticlePack/Resources/Flares/Flare04-ColorBurst.prefab using Guid(0ac53a594a4c2420982f877e49310386) Importer(815301076,1909f56bfc062723c751e8b465ee728b)  -> (artifact id: '09f3a913fa1a2b9e060db43344c86126') in 0.038926 seconds 
  Import took 0.047178 seconds .

========================================================================
Received Import Request.
  Time since last request: 0.000756 seconds.
  path: Assets/Sprites/EnemySmallBullet.png
  artifactKey: Guid(a14f3b202c96b487da88a3ad889ad048) Importer(815301076,1909f56bfc062723c751e8b465ee728b)
Start importing Assets/Sprites/EnemySmallBullet.png using Guid(a14f3b202c96b487da88a3ad889ad048) Importer(815301076,1909f56bfc062723c751e8b465ee728b)  -> (artifact id: '0e67de55ff42778b0e277a7d7c288d48') in 0.064290 seconds 
  Import took 0.071508 seconds .

========================================================================
Received Import Request.
  Time since last request: 0.000554 seconds.
  path: Assets/SimpleParticlePack/Resources/Explosions/FlashRingFlame03.prefab
  artifactKey: Guid(32a7d9c6c26df44cf8a12a037118c5ab) Importer(815301076,1909f56bfc062723c751e8b465ee728b)
Start importing Assets/SimpleParticlePack/Resources/Explosions/FlashRingFlame03.prefab using Guid(32a7d9c6c26df44cf8a12a037118c5ab) Importer(815301076,1909f56bfc062723c751e8b465ee728b)  -> (artifact id: 'e8147f4b3fdd029a088e12761e1632d7') in 0.047834 seconds 
  Import took 0.055811 seconds .

========================================================================
Received Import Request.
  Time since last request: 0.000710 seconds.
  path: Assets/Prefabs/Screen Bounds.prefab
  artifactKey: Guid(f3bb1e6d7f6a84908bdbf6760cc822de) Importer(815301076,1909f56bfc062723c751e8b465ee728b)
Start importing Assets/Prefabs/Screen Bounds.prefab using Guid(f3bb1e6d7f6a84908bdbf6760cc822de) Importer(815301076,1909f56bfc062723c751e8b465ee728b)  -> (artifact id: '37fc1dfa7d7fb0cd06e3ed82a843f509') in 0.028620 seconds 
  Import took 0.035651 seconds .

========================================================================
Received Import Request.
  Time since last request: 0.000815 seconds.
  path: Assets/SimpleParticlePack/Resources/Explosions/Flash01.prefab
  artifactKey: Guid(d321a98408cfc4e0299808f65181aab4) Importer(815301076,1909f56bfc062723c751e8b465ee728b)
Start importing Assets/SimpleParticlePack/Resources/Explosions/Flash01.prefab using Guid(d321a98408cfc4e0299808f65181aab4) Importer(815301076,1909f56bfc062723c751e8b465ee728b)  -> (artifact id: '5cba9af4acee5640e43bc20250c6f735') in 0.042811 seconds 
  Import took 0.049866 seconds .

========================================================================
Received Import Request.
  Time since last request: 0.000560 seconds.
  path: Assets/Prefabs/EnemySmallBullet.prefab
  artifactKey: Guid(4e674979d1a884a10b0378310f7a525a) Importer(815301076,1909f56bfc062723c751e8b465ee728b)
Start importing Assets/Prefabs/EnemySmallBullet.prefab using Guid(4e674979d1a884a10b0378310f7a525a) Importer(815301076,1909f56bfc062723c751e8b465ee728b)  -> (artifact id: 'e6325d9d0dc9b15af88c4d4bc58ddb9b') in 0.040244 seconds 
  Import took 0.046911 seconds .

========================================================================
Received Import Request.
  Time since last request: 0.000664 seconds.
  path: Assets/SimpleParticlePack/Resources/Explosions/FlashRingFlame01.prefab
  artifactKey: Guid(e0c82e4cda44945d0918554b304e6d70) Importer(815301076,1909f56bfc062723c751e8b465ee728b)
Start importing Assets/SimpleParticlePack/Resources/Explosions/FlashRingFlame01.prefab using Guid(e0c82e4cda44945d0918554b304e6d70) Importer(815301076,1909f56bfc062723c751e8b465ee728b)  -> (artifact id: '509845ff7bb63d8e1057bd1700c3bda8') in 0.045888 seconds 
  Import took 0.053882 seconds .

========================================================================
Received Import Request.
  Time since last request: 0.000499 seconds.
  path: Assets/SimpleParticlePack/Resources/Explosions/Destruction01.prefab
  artifactKey: Guid(9b26e1efdb8fd4d53b35c3c6b7f50cf5) Importer(815301076,1909f56bfc062723c751e8b465ee728b)
Start importing Assets/SimpleParticlePack/Resources/Explosions/Destruction01.prefab using Guid(9b26e1efdb8fd4d53b35c3c6b7f50cf5) Importer(815301076,1909f56bfc062723c751e8b465ee728b)  -> (artifact id: '71320d42a0d36ac9c416bb01941828fd') in 0.043342 seconds 
  Import took 0.050545 seconds .

========================================================================
Received Import Request.
  Time since last request: 0.000586 seconds.
  path: Assets/SimpleParticlePack/Resources/Explosions/FlashRingFlame02.prefab
  artifactKey: Guid(dd8cbd77dc2344187bda7004b1d3f370) Importer(815301076,1909f56bfc062723c751e8b465ee728b)
Start importing Assets/SimpleParticlePack/Resources/Explosions/FlashRingFlame02.prefab using Guid(dd8cbd77dc2344187bda7004b1d3f370) Importer(815301076,1909f56bfc062723c751e8b465ee728b)  -> (artifact id: 'eb22ca0edceaab700a065b277b3e4e53') in 0.039240 seconds 
  Import took 0.046459 seconds .

========================================================================
Received Import Request.
  Time since last request: 0.000559 seconds.
  path: Assets/SimpleParticlePack/Resources/Explosions/ShockFlame.prefab
  artifactKey: Guid(57137b89e09584e3e839655c51e6f042) Importer(815301076,1909f56bfc062723c751e8b465ee728b)
Start importing Assets/SimpleParticlePack/Resources/Explosions/ShockFlame.prefab using Guid(57137b89e09584e3e839655c51e6f042) Importer(815301076,1909f56bfc062723c751e8b465ee728b)  -> (artifact id: '857445eea97552a08efe1d6720307698') in 0.044178 seconds 
  Import took 0.051454 seconds .

========================================================================
Received Import Request.
  Time since last request: 3.467573 seconds.
  path: Assets/Scripts/ShipController.cs
  artifactKey: Guid(175e660c843b54b73a0a48c1430d1bd4) Importer(815301076,1909f56bfc062723c751e8b465ee728b)
Start importing Assets/Scripts/ShipController.cs using Guid(175e660c843b54b73a0a48c1430d1bd4) Importer(815301076,1909f56bfc062723c751e8b465ee728b)  -> (artifact id: 'a25f6d3fab8887a01a2ac9dfbfde98bf') in 0.023210 seconds 
  Import took 0.031091 seconds .

========================================================================
Received Prepare
Registering precompiled user dll's ...
Registered in 0.016544 seconds.
Begin MonoManager ReloadAssembly
Native extension for WindowsStandalone target not found
Refreshing native plugins compatible for Editor in 0.88 ms, found 2 plugins.
Preloading 0 native plugins for Editor in 0.00 ms.
Mono: successfully reloaded assembly
- Completed reload, in  3.073 seconds
Domain Reload Profiling:
	ReloadAssembly (3074ms)
		BeginReloadAssembly (332ms)
			ExecutionOrderSort (0ms)
			DisableScriptedObjects (12ms)
			BackupInstance (0ms)
			ReleaseScriptingObjects (0ms)
			CreateAndSetChildDomain (107ms)
		EndReloadAssembly (2487ms)
			LoadAssemblies (281ms)
			RebuildTransferFunctionScriptingTraits (0ms)
			SetupTypeCache (868ms)
			ReleaseScriptCaches (3ms)
			RebuildScriptCaches (130ms)
			SetupLoadedEditorAssemblies (898ms)
				LogAssemblyErrors (0ms)
				InitializePlatformSupportModulesInManaged (18ms)
				SetLoadedEditorAssemblies (1ms)
				RefreshPlugins (1ms)
				BeforeProcessingInitializeOnLoad (174ms)
				ProcessInitializeOnLoadAttributes (650ms)
				ProcessInitializeOnLoadMethodAttributes (27ms)
				AfterProcessingInitializeOnLoad (26ms)
				EditorAssembliesLoaded (1ms)
			ExecutionOrderSort2 (0ms)
			AwakeInstancesAfterBackupRestoration (25ms)
Platform modules already initialized, skipping
Refreshing native plugins compatible for Editor in 1.28 ms, found 2 plugins.
Preloading 0 native plugins for Editor in 0.00 ms.
Unloading 1493 Unused Serialized files (Serialized files now loaded: 0)
System memory in use before: 72.1 MB.
System memory in use after: 72.2 MB.

Unloading 16 unused Assets to reduce memory usage. Loaded Objects now: 1999.
Total: 8.188700 ms (FindLiveObjects: 0.641800 ms CreateObjectMapping: 0.094300 ms MarkObjects: 7.326200 ms  DeleteObjects: 0.121800 ms)

AssetImportParameters requested are different than current active one (requested -> active):
  custom:framework-win-MediaFoundation: 216162199b28c13a410421893ffa2e32 -> 
  custom:video-decoder-ogg-theora: a1e56fd34408186e4bbccfd4996cb3dc -> 
  custom:container-muxer-webm: aa71ff27fc2769a1b78a27578f13a17b -> 
  custom:container-demuxer-webm: 4f35f7cbe854078d1ac9338744f61a02 -> 
  custom:container-demuxer-ogg: 62fdf1f143b41e24485cea50d1cbac27 -> 
  custom:video-encoder-webm-vp8: eb34c28f22e8b96e1ab97ce403110664 -> 
  custom:video-codec-MediaFoundation-h265: 746d11721c4dcdbdad8f713fa42b33f4 -> 
  custom:video-decoder-webm-vp8: 9c59270c3fd7afecdb556c50c9e8de78 -> 
  custom:audio-decoder-ogg-vorbis: bf7c407c2cedff20999df2af8eb42d56 -> 
  custom:audio-encoder-webm-vorbis: bf7c407c2cedff20999df2af8eb42d56 -> 
========================================================================
Received Import Request.
  Time since last request: 234.335476 seconds.
  path: Assets/Scripts/ShipController.cs
  artifactKey: Guid(175e660c843b54b73a0a48c1430d1bd4) Importer(815301076,1909f56bfc062723c751e8b465ee728b)
Start importing Assets/Scripts/ShipController.cs using Guid(175e660c843b54b73a0a48c1430d1bd4) Importer(815301076,1909f56bfc062723c751e8b465ee728b)  -> (artifact id: 'bb3502e20f0aad66c9b7f348daedc7df') in 0.010445 seconds 
  Import took 0.017663 seconds .

========================================================================
Received Prepare
Registering precompiled user dll's ...
Registered in 0.009039 seconds.
Begin MonoManager ReloadAssembly
Native extension for WindowsStandalone target not found
Refreshing native plugins compatible for Editor in 0.87 ms, found 2 plugins.
Preloading 0 native plugins for Editor in 0.00 ms.
Mono: successfully reloaded assembly
- Completed reload, in  3.007 seconds
Domain Reload Profiling:
	ReloadAssembly (3009ms)
		BeginReloadAssembly (308ms)
			ExecutionOrderSort (0ms)
			DisableScriptedObjects (14ms)
			BackupInstance (0ms)
			ReleaseScriptingObjects (0ms)
			CreateAndSetChildDomain (86ms)
		EndReloadAssembly (2476ms)
			LoadAssemblies (267ms)
			RebuildTransferFunctionScriptingTraits (0ms)
			SetupTypeCache (926ms)
			ReleaseScriptCaches (2ms)
			RebuildScriptCaches (124ms)
			SetupLoadedEditorAssemblies (868ms)
				LogAssemblyErrors (0ms)
				InitializePlatformSupportModulesInManaged (16ms)
				SetLoadedEditorAssemblies (1ms)
				RefreshPlugins (1ms)
				BeforeProcessingInitializeOnLoad (172ms)
				ProcessInitializeOnLoadAttributes (624ms)
				ProcessInitializeOnLoadMethodAttributes (28ms)
				AfterProcessingInitializeOnLoad (25ms)
				EditorAssembliesLoaded (1ms)
			ExecutionOrderSort2 (0ms)
			AwakeInstancesAfterBackupRestoration (21ms)
Platform modules already initialized, skipping
Refreshing native plugins compatible for Editor in 0.86 ms, found 2 plugins.
Preloading 0 native plugins for Editor in 0.00 ms.
Unloading 1493 Unused Serialized files (Serialized files now loaded: 0)
System memory in use before: 72.1 MB.
System memory in use after: 72.2 MB.

Unloading 14 unused Assets to reduce memory usage. Loaded Objects now: 2001.
Total: 8.273800 ms (FindLiveObjects: 0.373200 ms CreateObjectMapping: 0.094100 ms MarkObjects: 7.753900 ms  DeleteObjects: 0.048700 ms)

AssetImportParameters requested are different than current active one (requested -> active):
  custom:framework-win-MediaFoundation: 216162199b28c13a410421893ffa2e32 -> 
  custom:video-decoder-ogg-theora: a1e56fd34408186e4bbccfd4996cb3dc -> 
  custom:container-muxer-webm: aa71ff27fc2769a1b78a27578f13a17b -> 
  custom:container-demuxer-webm: 4f35f7cbe854078d1ac9338744f61a02 -> 
  custom:container-demuxer-ogg: 62fdf1f143b41e24485cea50d1cbac27 -> 
  custom:video-encoder-webm-vp8: eb34c28f22e8b96e1ab97ce403110664 -> 
  custom:video-codec-MediaFoundation-h265: 746d11721c4dcdbdad8f713fa42b33f4 -> 
  custom:video-decoder-webm-vp8: 9c59270c3fd7afecdb556c50c9e8de78 -> 
  custom:audio-decoder-ogg-vorbis: bf7c407c2cedff20999df2af8eb42d56 -> 
  custom:audio-encoder-webm-vorbis: bf7c407c2cedff20999df2af8eb42d56 -> 
========================================================================
Received Import Request.
  Time since last request: 177.871550 seconds.
  path: Assets/Prefabs/StarField.prefab
  artifactKey: Guid(c09eae704fdd8404981530bca51f4afb) Importer(815301076,1909f56bfc062723c751e8b465ee728b)
Start importing Assets/Prefabs/StarField.prefab using Guid(c09eae704fdd8404981530bca51f4afb) Importer(815301076,1909f56bfc062723c751e8b465ee728b)  -> (artifact id: '003af1922be23d285c6c2048d71fa545') in 0.186946 seconds 
  Import took 0.193814 seconds .

========================================================================
Received Import Request.
  Time since last request: 0.000515 seconds.
  path: Assets/Sprites/PixelEnemyDrone.png
  artifactKey: Guid(1b6a52fc2b6e64161aa6e9f56c97202d) Importer(815301076,1909f56bfc062723c751e8b465ee728b)
Start importing Assets/Sprites/PixelEnemyDrone.png using Guid(1b6a52fc2b6e64161aa6e9f56c97202d) Importer(815301076,1909f56bfc062723c751e8b465ee728b)  -> (artifact id: 'a043673ab6c86f9029e847e3aa6bfca2') in 0.097854 seconds 
  Import took 0.104977 seconds .

========================================================================
Received Import Request.
  Time since last request: 0.000483 seconds.
  path: Assets/Prefabs/EnemyDroneType1.prefab
  artifactKey: Guid(ce6c116b4bb594120a580fc440afdea9) Importer(815301076,1909f56bfc062723c751e8b465ee728b)
Start importing Assets/Prefabs/EnemyDroneType1.prefab using Guid(ce6c116b4bb594120a580fc440afdea9) Importer(815301076,1909f56bfc062723c751e8b465ee728b)  -> (artifact id: '461a69fb3be746c7e40e314b9aa21fb9') in 0.069537 seconds 
  Import took 0.077584 seconds .

========================================================================
Received Import Request.
  Time since last request: 0.000613 seconds.
  path: Assets/Prefabs/EnemyDroneType2.prefab
  artifactKey: Guid(bd12fa774659240f58d73af38be5b943) Importer(815301076,1909f56bfc062723c751e8b465ee728b)
Start importing Assets/Prefabs/EnemyDroneType2.prefab using Guid(bd12fa774659240f58d73af38be5b943) Importer(815301076,1909f56bfc062723c751e8b465ee728b)  -> (artifact id: '376b52818030fb2da41f75ff34cd8dd2') in 0.050845 seconds 
  Import took 0.057967 seconds .

========================================================================
Received Import Request.
  Time since last request: 8.647304 seconds.
  path: Assets/Scripts/DestroyByBoundary.cs
  artifactKey: Guid(5f9cd509d982c4a3398e3f9c04e79650) Importer(815301076,1909f56bfc062723c751e8b465ee728b)
Start importing Assets/Scripts/DestroyByBoundary.cs using Guid(5f9cd509d982c4a3398e3f9c04e79650) Importer(815301076,1909f56bfc062723c751e8b465ee728b)  -> (artifact id: 'b7310769208fbbe4102fea60eb8763d3') in 0.019205 seconds 
  Import took 0.029344 seconds .

========================================================================
Received Prepare
Registering precompiled user dll's ...
Registered in 0.012957 seconds.
Begin MonoManager ReloadAssembly
Native extension for WindowsStandalone target not found
Refreshing native plugins compatible for Editor in 1.10 ms, found 2 plugins.
Preloading 0 native plugins for Editor in 0.00 ms.
Mono: successfully reloaded assembly
- Completed reload, in  3.344 seconds
Domain Reload Profiling:
	ReloadAssembly (3346ms)
		BeginReloadAssembly (356ms)
			ExecutionOrderSort (0ms)
			DisableScriptedObjects (15ms)
			BackupInstance (0ms)
			ReleaseScriptingObjects (0ms)
			CreateAndSetChildDomain (94ms)
		EndReloadAssembly (2709ms)
			LoadAssemblies (305ms)
			RebuildTransferFunctionScriptingTraits (0ms)
			SetupTypeCache (904ms)
			ReleaseScriptCaches (2ms)
			RebuildScriptCaches (146ms)
			SetupLoadedEditorAssemblies (1074ms)
				LogAssemblyErrors (0ms)
				InitializePlatformSupportModulesInManaged (19ms)
				SetLoadedEditorAssemblies (1ms)
				RefreshPlugins (1ms)
				BeforeProcessingInitializeOnLoad (172ms)
				ProcessInitializeOnLoadAttributes (826ms)
				ProcessInitializeOnLoadMethodAttributes (27ms)
				AfterProcessingInitializeOnLoad (26ms)
				EditorAssembliesLoaded (1ms)
			ExecutionOrderSort2 (0ms)
			AwakeInstancesAfterBackupRestoration (21ms)
Platform modules already initialized, skipping
Refreshing native plugins compatible for Editor in 0.88 ms, found 2 plugins.
Preloading 0 native plugins for Editor in 0.00 ms.
Unloading 1493 Unused Serialized files (Serialized files now loaded: 0)
System memory in use before: 72.1 MB.
System memory in use after: 72.2 MB.

Unloading 14 unused Assets to reduce memory usage. Loaded Objects now: 2006.
Total: 8.257900 ms (FindLiveObjects: 0.414900 ms CreateObjectMapping: 0.102200 ms MarkObjects: 7.689200 ms  DeleteObjects: 0.047800 ms)

AssetImportParameters requested are different than current active one (requested -> active):
  custom:framework-win-MediaFoundation: 216162199b28c13a410421893ffa2e32 -> 
  custom:video-decoder-ogg-theora: a1e56fd34408186e4bbccfd4996cb3dc -> 
  custom:container-muxer-webm: aa71ff27fc2769a1b78a27578f13a17b -> 
  custom:container-demuxer-webm: 4f35f7cbe854078d1ac9338744f61a02 -> 
  custom:container-demuxer-ogg: 62fdf1f143b41e24485cea50d1cbac27 -> 
  custom:video-encoder-webm-vp8: eb34c28f22e8b96e1ab97ce403110664 -> 
  custom:video-codec-MediaFoundation-h265: 746d11721c4dcdbdad8f713fa42b33f4 -> 
  custom:video-decoder-webm-vp8: 9c59270c3fd7afecdb556c50c9e8de78 -> 
  custom:audio-decoder-ogg-vorbis: bf7c407c2cedff20999df2af8eb42d56 -> 
  custom:audio-encoder-webm-vorbis: bf7c407c2cedff20999df2af8eb42d56 -> 
========================================================================
Received Import Request.
  Time since last request: 167.327702 seconds.
  path: Assets/Scripts/DestroyByBoundary.cs
  artifactKey: Guid(5f9cd509d982c4a3398e3f9c04e79650) Importer(815301076,1909f56bfc062723c751e8b465ee728b)
Start importing Assets/Scripts/DestroyByBoundary.cs using Guid(5f9cd509d982c4a3398e3f9c04e79650) Importer(815301076,1909f56bfc062723c751e8b465ee728b)  -> (artifact id: 'b8f61637aa2ebff38da70cf98be37729') in 0.010719 seconds 
  Import took 0.017011 seconds .

========================================================================
Received Import Request.
  Time since last request: 7.508998 seconds.
  path: Assets/Sprites/Bullet.png
  artifactKey: Guid(57f9bb165f81e4b0c8d61d928fc0dd75) Importer(815301076,1909f56bfc062723c751e8b465ee728b)
Start importing Assets/Sprites/Bullet.png using Guid(57f9bb165f81e4b0c8d61d928fc0dd75) Importer(815301076,1909f56bfc062723c751e8b465ee728b)  -> (artifact id: '832ff3fc56c9925163448073cf35244b') in 0.141103 seconds 
  Import took 0.149087 seconds .

========================================================================
Received Import Request.
  Time since last request: 0.000535 seconds.
  path: Assets/SimpleParticlePack/Resources/Flares/Flare03-Autumn.prefab
  artifactKey: Guid(f3fa2416fe26847df991cfc3e8876474) Importer(815301076,1909f56bfc062723c751e8b465ee728b)
Start importing Assets/SimpleParticlePack/Resources/Flares/Flare03-Autumn.prefab using Guid(f3fa2416fe26847df991cfc3e8876474) Importer(815301076,1909f56bfc062723c751e8b465ee728b)  -> (artifact id: '0da61ff482a9611a61ce8414a40c5b9c') in 0.114462 seconds 
  Import took 0.120834 seconds .

========================================================================
Received Import Request.
  Time since last request: 0.000540 seconds.
  path: Assets/SimpleParticlePack/Materials/Flame02.mat
  artifactKey: Guid(e2c8d6845c95d445685323e25880e162) Importer(815301076,1909f56bfc062723c751e8b465ee728b)
Start importing Assets/SimpleParticlePack/Materials/Flame02.mat using Guid(e2c8d6845c95d445685323e25880e162) Importer(815301076,1909f56bfc062723c751e8b465ee728b)  -> (artifact id: 'e3bd85e20e50674fb96405f749fbc39a') in 0.077456 seconds 
  Import took 0.085290 seconds .

========================================================================
Received Import Request.
  Time since last request: 0.000556 seconds.
  path: Assets/SimpleParticlePack/Resources/Flares/Flare02.prefab
  artifactKey: Guid(c65e964da65b04bdb95be0f0e10a0012) Importer(815301076,1909f56bfc062723c751e8b465ee728b)
Start importing Assets/SimpleParticlePack/Resources/Flares/Flare02.prefab using Guid(c65e964da65b04bdb95be0f0e10a0012) Importer(815301076,1909f56bfc062723c751e8b465ee728b)  -> (artifact id: '9b054de3ff9b8831816bc6bffb98ac18') in 0.047366 seconds 
  Import took 0.055153 seconds .

========================================================================
Received Import Request.
  Time since last request: 0.000616 seconds.
  path: Assets/SimpleParticlePack/Resources/Explosions/Flame2.prefab
  artifactKey: Guid(07e0b48432a2942a4b04b88d70d29cbc) Importer(815301076,1909f56bfc062723c751e8b465ee728b)
Start importing Assets/SimpleParticlePack/Resources/Explosions/Flame2.prefab using Guid(07e0b48432a2942a4b04b88d70d29cbc) Importer(815301076,1909f56bfc062723c751e8b465ee728b)  -> (artifact id: 'e3ba7fb7f7fdda35b8661afbdc9d4d32') in 0.045459 seconds 
  Import took 0.052887 seconds .

========================================================================
Received Import Request.
  Time since last request: 0.000580 seconds.
  path: Assets/SimpleParticlePack/Resources/Flares/Flare01.prefab
  artifactKey: Guid(e41a1ff11fe7f43e3bb0a215c7cd3d54) Importer(815301076,1909f56bfc062723c751e8b465ee728b)
Start importing Assets/SimpleParticlePack/Resources/Flares/Flare01.prefab using Guid(e41a1ff11fe7f43e3bb0a215c7cd3d54) Importer(815301076,1909f56bfc062723c751e8b465ee728b)  -> (artifact id: '004ad4d4b1b669b3306d1f37ce506726') in 0.042124 seconds 
  Import took 0.050695 seconds .

========================================================================
Received Import Request.
  Time since last request: 0.000732 seconds.
  path: Assets/SimpleParticlePack/Resources/Flares/Flare02-MultiColor.prefab
  artifactKey: Guid(46c7347ec6bbf423d9905752824ca1b6) Importer(815301076,1909f56bfc062723c751e8b465ee728b)
Start importing Assets/SimpleParticlePack/Resources/Flares/Flare02-MultiColor.prefab using Guid(46c7347ec6bbf423d9905752824ca1b6) Importer(815301076,1909f56bfc062723c751e8b465ee728b)  -> (artifact id: '93c427d91277b9097de875292f625737') in 0.039681 seconds 
  Import took 0.048979 seconds .

========================================================================
Received Import Request.
  Time since last request: 0.000745 seconds.
  path: Assets/SimpleParticlePack/Textures/Flame.psd
  artifactKey: Guid(b260cbc8d9bc048bd8834c7a1b5aed36) Importer(815301076,1909f56bfc062723c751e8b465ee728b)
Start importing Assets/SimpleParticlePack/Textures/Flame.psd using Guid(b260cbc8d9bc048bd8834c7a1b5aed36) Importer(815301076,1909f56bfc062723c751e8b465ee728b)  -> (artifact id: '812981663abbac386dc715cc138efbca') in 0.033399 seconds 
  Import took 0.042085 seconds .

========================================================================
Received Import Request.
  Time since last request: 0.000625 seconds.
  path: Assets/SimpleParticlePack/Resources/Flares/FlareCore-Autumn.prefab
  artifactKey: Guid(0099cc09e124a43e68375bf6b1ae7238) Importer(815301076,1909f56bfc062723c751e8b465ee728b)
Start importing Assets/SimpleParticlePack/Resources/Flares/FlareCore-Autumn.prefab using Guid(0099cc09e124a43e68375bf6b1ae7238) Importer(815301076,1909f56bfc062723c751e8b465ee728b)  -> (artifact id: '96f91c9c601ffc3395dbc347898b72b2') in 0.038780 seconds 
  Import took 0.046284 seconds .

========================================================================
Received Import Request.
  Time since last request: 0.000712 seconds.
  path: Assets/SimpleParticlePack/Textures/FlameA.psd
  artifactKey: Guid(8e3ff3e27ca4bc54dda56e89e0550dfa) Importer(815301076,1909f56bfc062723c751e8b465ee728b)
Start importing Assets/SimpleParticlePack/Textures/FlameA.psd using Guid(8e3ff3e27ca4bc54dda56e89e0550dfa) Importer(815301076,1909f56bfc062723c751e8b465ee728b)  -> (artifact id: '4e9cb9ee03bbb3325f9a3a8f8eba0f72') in 0.033568 seconds 
  Import took 0.042621 seconds .

========================================================================
Received Import Request.
  Time since last request: 0.000502 seconds.
  path: Assets/SimpleParticlePack/Resources/Flares/FlareCore.prefab
  artifactKey: Guid(e16e26b0fc4bd4fdfb4f8014fc3bd07b) Importer(815301076,1909f56bfc062723c751e8b465ee728b)
Start importing Assets/SimpleParticlePack/Resources/Flares/FlareCore.prefab using Guid(e16e26b0fc4bd4fdfb4f8014fc3bd07b) Importer(815301076,1909f56bfc062723c751e8b465ee728b)  -> (artifact id: '27df005b8390d8ec3844354dc3e6ed34') in 0.044256 seconds 
  Import took 0.054013 seconds .

========================================================================
Received Import Request.
  Time since last request: 0.000642 seconds.
  path: Assets/SimpleParticlePack/Resources/Explosions/Flame1.prefab
  artifactKey: Guid(2f9e7030759a647e5b7ec0b46dd414f0) Importer(815301076,1909f56bfc062723c751e8b465ee728b)
Start importing Assets/SimpleParticlePack/Resources/Explosions/Flame1.prefab using Guid(2f9e7030759a647e5b7ec0b46dd414f0) Importer(815301076,1909f56bfc062723c751e8b465ee728b)  -> (artifact id: '9dcf28acb230cd578993a16cb13d0838') in 0.041689 seconds 
  Import took 0.051407 seconds .

========================================================================
Received Import Request.
  Time since last request: 0.000663 seconds.
  path: Assets/SimpleParticlePack/Resources/Flares/Flare Combo.prefab
  artifactKey: Guid(5e4029ef407744266b182355a422cfbf) Importer(815301076,1909f56bfc062723c751e8b465ee728b)
Start importing Assets/SimpleParticlePack/Resources/Flares/Flare Combo.prefab using Guid(5e4029ef407744266b182355a422cfbf) Importer(815301076,1909f56bfc062723c751e8b465ee728b)  -> (artifact id: '40390957b760eb424ad9157b3307f29a') in 0.039468 seconds 
  Import took 0.048198 seconds .

========================================================================
Received Import Request.
  Time since last request: 0.001373 seconds.
  path: Assets/SimpleParticlePack/Materials/Flame01.mat
  artifactKey: Guid(b1ca011c5f92d4fd4b5aeac44fd607c6) Importer(815301076,1909f56bfc062723c751e8b465ee728b)
Start importing Assets/SimpleParticlePack/Materials/Flame01.mat using Guid(b1ca011c5f92d4fd4b5aeac44fd607c6) Importer(815301076,1909f56bfc062723c751e8b465ee728b)  -> (artifact id: '156b24be2f511ec525a0c636036d4ee3') in 0.039949 seconds 
  Import took 0.048119 seconds .

========================================================================
Received Import Request.
  Time since last request: 0.467924 seconds.
  path: Assets/SimpleParticlePack/Resources/Directional/Torch(Green).prefab
  artifactKey: Guid(ad9a58f01295f4cb08c52ad8a6ce4b24) Importer(815301076,1909f56bfc062723c751e8b465ee728b)
Start importing Assets/SimpleParticlePack/Resources/Directional/Torch(Green).prefab using Guid(ad9a58f01295f4cb08c52ad8a6ce4b24) Importer(815301076,1909f56bfc062723c751e8b465ee728b)  -> (artifact id: '5b43cbd84fb1470bff9d2126da9a75c9') in 0.042030 seconds 
  Import took 0.050092 seconds .

========================================================================
Received Import Request.
  Time since last request: 4.180967 seconds.
  path: Assets/Scripts/EnemyDroneController.cs
  artifactKey: Guid(569580453d94a49569690836f79e9dbf) Importer(815301076,1909f56bfc062723c751e8b465ee728b)
Start importing Assets/Scripts/EnemyDroneController.cs using Guid(569580453d94a49569690836f79e9dbf) Importer(815301076,1909f56bfc062723c751e8b465ee728b)  -> (artifact id: '59d02f6b0b9272bdc11d61765fbe7f92') in 0.018384 seconds 
  Import took 0.027343 seconds .

========================================================================
Received Prepare
Registering precompiled user dll's ...
Registered in 0.009689 seconds.
Begin MonoManager ReloadAssembly
Native extension for WindowsStandalone target not found
Refreshing native plugins compatible for Editor in 0.87 ms, found 2 plugins.
Preloading 0 native plugins for Editor in 0.00 ms.
Mono: successfully reloaded assembly
- Completed reload, in  3.037 seconds
Domain Reload Profiling:
	ReloadAssembly (3038ms)
		BeginReloadAssembly (308ms)
			ExecutionOrderSort (0ms)
			DisableScriptedObjects (13ms)
			BackupInstance (0ms)
			ReleaseScriptingObjects (0ms)
			CreateAndSetChildDomain (98ms)
		EndReloadAssembly (2512ms)
			LoadAssemblies (272ms)
			RebuildTransferFunctionScriptingTraits (0ms)
			SetupTypeCache (894ms)
			ReleaseScriptCaches (2ms)
			RebuildScriptCaches (132ms)
			SetupLoadedEditorAssemblies (898ms)
				LogAssemblyErrors (0ms)
				InitializePlatformSupportModulesInManaged (16ms)
				SetLoadedEditorAssemblies (1ms)
				RefreshPlugins (1ms)
				BeforeProcessingInitializeOnLoad (171ms)
				ProcessInitializeOnLoadAttributes (650ms)
				ProcessInitializeOnLoadMethodAttributes (30ms)
				AfterProcessingInitializeOnLoad (27ms)
				EditorAssembliesLoaded (1ms)
			ExecutionOrderSort2 (0ms)
			AwakeInstancesAfterBackupRestoration (25ms)
Platform modules already initialized, skipping
Refreshing native plugins compatible for Editor in 0.90 ms, found 2 plugins.
Preloading 0 native plugins for Editor in 0.00 ms.
Unloading 1493 Unused Serialized files (Serialized files now loaded: 0)
System memory in use before: 72.1 MB.
System memory in use after: 72.2 MB.

Unloading 16 unused Assets to reduce memory usage. Loaded Objects now: 2011.
Total: 8.229100 ms (FindLiveObjects: 0.378700 ms CreateObjectMapping: 0.092100 ms MarkObjects: 7.644700 ms  DeleteObjects: 0.110200 ms)

AssetImportParameters requested are different than current active one (requested -> active):
  custom:framework-win-MediaFoundation: 216162199b28c13a410421893ffa2e32 -> 
  custom:video-decoder-ogg-theora: a1e56fd34408186e4bbccfd4996cb3dc -> 
  custom:container-muxer-webm: aa71ff27fc2769a1b78a27578f13a17b -> 
  custom:container-demuxer-webm: 4f35f7cbe854078d1ac9338744f61a02 -> 
  custom:container-demuxer-ogg: 62fdf1f143b41e24485cea50d1cbac27 -> 
  custom:video-encoder-webm-vp8: eb34c28f22e8b96e1ab97ce403110664 -> 
  custom:video-codec-MediaFoundation-h265: 746d11721c4dcdbdad8f713fa42b33f4 -> 
  custom:video-decoder-webm-vp8: 9c59270c3fd7afecdb556c50c9e8de78 -> 
  custom:audio-decoder-ogg-vorbis: bf7c407c2cedff20999df2af8eb42d56 -> 
  custom:audio-encoder-webm-vorbis: bf7c407c2cedff20999df2af8eb42d56 -> 
========================================================================
Received Import Request.
  Time since last request: 154.872091 seconds.
  path: Assets/Scripts/EnemyDroneController.cs
  artifactKey: Guid(569580453d94a49569690836f79e9dbf) Importer(815301076,1909f56bfc062723c751e8b465ee728b)
Start importing Assets/Scripts/EnemyDroneController.cs using Guid(569580453d94a49569690836f79e9dbf) Importer(815301076,1909f56bfc062723c751e8b465ee728b)  -> (artifact id: '2ec3820747c5a705c7df940902410727') in 0.011521 seconds 
  Import took 0.019130 seconds .

========================================================================
Received Prepare
Registering precompiled user dll's ...
Registered in 0.008468 seconds.
Begin MonoManager ReloadAssembly
Native extension for WindowsStandalone target not found
Refreshing native plugins compatible for Editor in 0.87 ms, found 2 plugins.
Preloading 0 native plugins for Editor in 0.00 ms.
Mono: successfully reloaded assembly
- Completed reload, in  3.564 seconds
Domain Reload Profiling:
	ReloadAssembly (3566ms)
		BeginReloadAssembly (282ms)
			ExecutionOrderSort (0ms)
			DisableScriptedObjects (14ms)
			BackupInstance (0ms)
			ReleaseScriptingObjects (0ms)
			CreateAndSetChildDomain (80ms)
		EndReloadAssembly (3057ms)
			LoadAssemblies (261ms)
			RebuildTransferFunctionScriptingTraits (0ms)
			SetupTypeCache (1018ms)
			ReleaseScriptCaches (2ms)
			RebuildScriptCaches (133ms)
			SetupLoadedEditorAssemblies (1107ms)
				LogAssemblyErrors (0ms)
				InitializePlatformSupportModulesInManaged (18ms)
				SetLoadedEditorAssemblies (2ms)
				RefreshPlugins (1ms)
				BeforeProcessingInitializeOnLoad (168ms)
				ProcessInitializeOnLoadAttributes (851ms)
				ProcessInitializeOnLoadMethodAttributes (37ms)
				AfterProcessingInitializeOnLoad (30ms)
				EditorAssembliesLoaded (1ms)
			ExecutionOrderSort2 (0ms)
			AwakeInstancesAfterBackupRestoration (25ms)
Platform modules already initialized, skipping
Refreshing native plugins compatible for Editor in 0.94 ms, found 2 plugins.
Preloading 0 native plugins for Editor in 0.00 ms.
Unloading 1493 Unused Serialized files (Serialized files now loaded: 0)
System memory in use before: 72.1 MB.
System memory in use after: 72.2 MB.

Unloading 14 unused Assets to reduce memory usage. Loaded Objects now: 2013.
Total: 9.154400 ms (FindLiveObjects: 0.430200 ms CreateObjectMapping: 0.122200 ms MarkObjects: 8.530000 ms  DeleteObjects: 0.068000 ms)

AssetImportParameters requested are different than current active one (requested -> active):
  custom:framework-win-MediaFoundation: 216162199b28c13a410421893ffa2e32 -> 
  custom:video-decoder-ogg-theora: a1e56fd34408186e4bbccfd4996cb3dc -> 
  custom:container-muxer-webm: aa71ff27fc2769a1b78a27578f13a17b -> 
  custom:container-demuxer-webm: 4f35f7cbe854078d1ac9338744f61a02 -> 
  custom:container-demuxer-ogg: 62fdf1f143b41e24485cea50d1cbac27 -> 
  custom:video-encoder-webm-vp8: eb34c28f22e8b96e1ab97ce403110664 -> 
  custom:video-codec-MediaFoundation-h265: 746d11721c4dcdbdad8f713fa42b33f4 -> 
  custom:video-decoder-webm-vp8: 9c59270c3fd7afecdb556c50c9e8de78 -> 
  custom:audio-decoder-ogg-vorbis: bf7c407c2cedff20999df2af8eb42d56 -> 
  custom:audio-encoder-webm-vorbis: bf7c407c2cedff20999df2af8eb42d56 -> 
AssetImportWorkerClient::OnTransportError - code=2 error=End of file
